2020-04-29 14:44:18,691 INFO o.a.j.u.JMeterUtils: Setting Locale to en_US
2020-04-29 14:44:18,843 INFO o.a.j.JMeter: Loading user properties from: user.properties
2020-04-29 14:44:18,844 INFO o.a.j.JMeter: Loading system properties from: system.properties
2020-04-29 14:44:18,891 INFO o.a.j.JMeter: Copyright (c) 1998-2018 The Apache Software Foundation
2020-04-29 14:44:18,891 INFO o.a.j.JMeter: Version 5.0 r1840935
2020-04-29 14:44:18,891 INFO o.a.j.JMeter: java.version=1.8.0_241
2020-04-29 14:44:18,891 INFO o.a.j.JMeter: java.vm.name=Java HotSpot(TM) Client VM
2020-04-29 14:44:18,891 INFO o.a.j.JMeter: os.name=Windows 10
2020-04-29 14:44:18,891 INFO o.a.j.JMeter: os.arch=x86
2020-04-29 14:44:18,892 INFO o.a.j.JMeter: os.version=10.0
2020-04-29 14:44:18,892 INFO o.a.j.JMeter: file.encoding=Cp1252
2020-04-29 14:44:18,892 INFO o.a.j.JMeter: Max memory     =259522560
2020-04-29 14:44:18,893 INFO o.a.j.JMeter: Available Processors =4
2020-04-29 14:44:18,957 INFO o.a.j.JMeter: Default Locale=English (United States)
2020-04-29 14:44:18,958 INFO o.a.j.JMeter: JMeter  Locale=English (United States)
2020-04-29 14:44:18,958 INFO o.a.j.JMeter: JMeterHome=D:\git_jmeter_workspace\Jmeter_Maven_Github_v1_0\target\jmeter
2020-04-29 14:44:18,958 INFO o.a.j.JMeter: user.dir  =D:\git_jmeter_workspace\Jmeter_Maven_Github_v1_0\target\jmeter\bin
2020-04-29 14:44:18,959 INFO o.a.j.JMeter: PWD       =D:\git_jmeter_workspace\Jmeter_Maven_Github_v1_0\target\jmeter\bin
2020-04-29 14:44:28,031 INFO o.a.j.JMeter: IP: 169.254.167.254 Name: DESKTOP-32I1BM7 FullName: DESKTOP-32I1BM7
2020-04-29 14:44:29,507 INFO o.a.j.g.a.LookAndFeelCommand: Installing Darcula LAF
2020-04-29 14:44:29,799 INFO o.a.j.g.a.LookAndFeelCommand: Using look and feel: com.bulenkov.darcula.DarculaLaf [Darcula]
2020-04-29 14:44:29,800 INFO o.a.j.JMeter: Setting LAF to: com.bulenkov.darcula.DarculaLaf
2020-04-29 14:44:29,800 WARN o.a.j.JMeter: Could not set LAF to: com.bulenkov.darcula.DarculaLaf
java.lang.ClassNotFoundException: com.bulenkov.darcula.DarculaLaf
	at java.net.URLClassLoader.findClass(Unknown Source) ~[?:1.8.0_241]
	at java.lang.ClassLoader.loadClass(Unknown Source) ~[?:1.8.0_241]
	at java.lang.ClassLoader.loadClass(Unknown Source) ~[?:1.8.0_241]
	at java.lang.Class.forName0(Native Method) ~[?:1.8.0_241]
	at java.lang.Class.forName(Unknown Source) ~[?:1.8.0_241]
	at javax.swing.SwingUtilities.loadSystemClass(Unknown Source) ~[?:1.8.0_241]
	at javax.swing.UIManager.setLookAndFeel(Unknown Source) ~[?:1.8.0_241]
	at org.apache.jmeter.JMeter.startGui(JMeter.java:373) [ApacheJMeter_core-5.0.jar:5.0 r1840935]
	at org.apache.jmeter.JMeter.start(JMeter.java:536) [ApacheJMeter_core-5.0.jar:5.0 r1840935]
	at sun.reflect.NativeMethodAccessorImpl.invoke0(Native Method) ~[?:1.8.0_241]
	at sun.reflect.NativeMethodAccessorImpl.invoke(Unknown Source) ~[?:1.8.0_241]
	at sun.reflect.DelegatingMethodAccessorImpl.invoke(Unknown Source) ~[?:1.8.0_241]
	at java.lang.reflect.Method.invoke(Unknown Source) ~[?:1.8.0_241]
	at org.apache.jmeter.NewDriver.main(NewDriver.java:245) [ApacheJMeter-5.0.jar:5.0 r1840935]
2020-04-29 14:44:29,861 INFO o.a.j.JMeter: Loaded icon properties from org/apache/jmeter/images/icon.properties
2020-04-29 14:44:32,507 INFO o.a.j.e.u.CompoundVariable: Note: Function class names must contain the string: '.functions.'
2020-04-29 14:44:32,507 INFO o.a.j.e.u.CompoundVariable: Note: Function class names must not contain the string: '.gui.'
2020-04-29 14:44:36,454 WARN o.j.r.PluginManager: Found JAR conflict: D:\git_jmeter_workspace\Jmeter_Maven_Github_v1_0\target\jmeter\lib\ext\tag-jmeter-extn-1.1.jar and D:\git_jmeter_workspace\Jmeter_Maven_Github_v1_0\target\jmeter\lib\tag-jmeter-extn-1.1.jar
2020-04-29 14:44:40,551 INFO o.a.j.p.h.s.HTTPSamplerBase: Parser for text/html is org.apache.jmeter.protocol.http.parser.LagartoBasedHtmlParser
2020-04-29 14:44:40,552 INFO o.a.j.p.h.s.HTTPSamplerBase: Parser for application/xhtml+xml is org.apache.jmeter.protocol.http.parser.LagartoBasedHtmlParser
2020-04-29 14:44:40,552 INFO o.a.j.p.h.s.HTTPSamplerBase: Parser for application/xml is org.apache.jmeter.protocol.http.parser.LagartoBasedHtmlParser
2020-04-29 14:44:40,553 INFO o.a.j.p.h.s.HTTPSamplerBase: Parser for text/xml is org.apache.jmeter.protocol.http.parser.LagartoBasedHtmlParser
2020-04-29 14:44:40,553 INFO o.a.j.p.h.s.HTTPSamplerBase: Parser for text/vnd.wap.wml is org.apache.jmeter.protocol.http.parser.RegexpHTMLParser
2020-04-29 14:44:40,553 INFO o.a.j.p.h.s.HTTPSamplerBase: Parser for text/css is org.apache.jmeter.protocol.http.parser.CssParser
2020-04-29 14:44:41,735 INFO o.a.j.e.KeyToolUtils: keytool found at 'keytool'
2020-04-29 14:44:41,737 INFO o.a.j.p.h.p.ProxyControl: HTTP(S) Test Script Recorder SSL Proxy will use keys that support embedded 3rd party resources in file D:\git_jmeter_workspace\Jmeter_Maven_Github_v1_0\target\jmeter\bin\proxyserver.jks
2020-04-29 14:44:41,762 INFO o.j.r.JARSourceHTTP: Requesting https://jmeter-plugins.org/repo/?installID=windows_10-dedcb89ba1b2d7ec6ba16c645217cec6-gui
2020-04-29 14:44:42,286 INFO o.a.j.s.FileServer: Default base='D:\git_jmeter_workspace\Jmeter_Maven_Github_v1_0\target\jmeter\bin'
2020-04-29 14:44:48,982 INFO o.a.j.s.SampleResult: Note: Sample TimeStamps are START times
2020-04-29 14:44:48,983 INFO o.a.j.s.SampleResult: sampleresult.default.encoding is set to ISO-8859-1
2020-04-29 14:44:48,983 INFO o.a.j.s.SampleResult: sampleresult.useNanoTime=true
2020-04-29 14:44:48,983 INFO o.a.j.s.SampleResult: sampleresult.nanoThreadSleep=5000
2020-04-29 14:44:54,314 INFO o.j.r.PluginManager: Plugins Status: [jpgc-casutg=2.9, jpgc-plugins-manager=1.3, jmeter-core=5.0, jmeter-ftp=5.0, jmeter-http=5.0, jmeter-jdbc=5.0, jmeter-jms=5.0, jmeter-junit=5.0, jmeter-java=5.0, jmeter-ldap=5.0, jmeter-mail=5.0, jmeter-mongodb=5.0, jmeter-native=5.0, jmeter-tcp=5.0, jmeter-components=5.0]
2020-04-29 14:44:54,318 INFO o.j.r.PluginManagerMenuItem: Plugins Manager has upgrades: [jpgc-plugins-manager]
2020-04-29 14:45:05,390 INFO o.a.j.g.a.Load: Loading file: D:\git_jmeter_workspace\Jmeter_Maven_Github_v1_0\src\test\jmeter\SHOPT_19032020.jmx
2020-04-29 14:45:05,391 INFO o.a.j.s.FileServer: Set new base='D:\git_jmeter_workspace\Jmeter_Maven_Github_v1_0\src\test\jmeter'
2020-04-29 14:45:06,249 INFO o.a.j.s.SaveService: Testplan (JMX) version: 2.2. Testlog (JTL) version: 2.2
2020-04-29 14:45:06,456 INFO o.a.j.s.SaveService: Using SaveService properties file encoding UTF-8
2020-04-29 14:45:06,461 INFO o.a.j.s.SaveService: Using SaveService properties version 5.0
2020-04-29 14:45:06,470 INFO o.a.j.s.SaveService: Loading file: D:\git_jmeter_workspace\Jmeter_Maven_Github_v1_0\src\test\jmeter\SHOPT_19032020.jmx
2020-04-29 14:45:08,658 INFO o.a.j.p.h.c.CookieManager: Settings: Delete null: true Check: true Allow variable: true Save: false Prefix: COOKIE_
2020-04-29 14:45:11,486 INFO o.a.j.s.FileServer: Set new base='D:\git_jmeter_workspace\Jmeter_Maven_Github_v1_0\src\test\jmeter'
